Determining if the pthread_create exist failed with the following output:
Change Dir: /home/cristina/new_ws/build/CMakeFiles/CMakeTmp

Run Build Command:"/usr/bin/make" "cmTC_db00b/fast"
/usr/bin/make -f CMakeFiles/cmTC_db00b.dir/build.make CMakeFiles/cmTC_db00b.dir/build
make[1]: ingresso nella directory "/home/cristina/new_ws/build/CMakeFiles/CMakeTmp"
Building C object CMakeFiles/cmTC_db00b.dir/CheckSymbolExists.c.o
/usr/bin/cc     -o CMakeFiles/cmTC_db00b.dir/CheckSymbolExists.c.o   -c /home/cristina/new_ws/build/CMakeFiles/CMakeTmp/CheckSymbolExists.c
Linking C executable cmTC_db00b
/usr/bin/cmake -E cmake_link_script CMakeFiles/cmTC_db00b.dir/link.txt --verbose=1
/usr/bin/cc       CMakeFiles/cmTC_db00b.dir/CheckSymbolExists.c.o  -o cmTC_db00b -rdynamic 
CMakeFiles/cmTC_db00b.dir/CheckSymbolExists.c.o: nella funzione "main":
CheckSymbolExists.c:(.text+0x16): riferimento non definito a "pthread_create"
collect2: error: ld returned 1 exit status
CMakeFiles/cmTC_db00b.dir/build.make:97: set di istruzioni per l'obiettivo "cmTC_db00b" non riuscito
make[1]: *** [cmTC_db00b] Errore 1
make[1]: uscita dalla directory "/home/cristina/new_ws/build/CMakeFiles/CMakeTmp"
Makefile:126: set di istruzioni per l'obiettivo "cmTC_db00b/fast" non riuscito
make: *** [cmTC_db00b/fast] Errore 2

File /home/cristina/new_ws/build/CMakeFiles/CMakeTmp/CheckSymbolExists.c:
/* */
#include <pthread.h>

int main(int argc, char** argv)
{
  (void)argv;
#ifndef pthread_create
  return ((int*)(&pthread_create))[argc];
#else
  (void)argc;
  return 0;
#endif
}

Determining if the function pthread_create exists in the pthreads failed with the following output:
Change Dir: /home/cristina/new_ws/build/CMakeFiles/CMakeTmp

Run Build Command:"/usr/bin/make" "cmTC_99328/fast"
/usr/bin/make -f CMakeFiles/cmTC_99328.dir/build.make CMakeFiles/cmTC_99328.dir/build
make[1]: ingresso nella directory "/home/cristina/new_ws/build/CMakeFiles/CMakeTmp"
Building C object CMakeFiles/cmTC_99328.dir/CheckFunctionExists.c.o
/usr/bin/cc    -DCHECK_FUNCTION_EXISTS=pthread_create   -o CMakeFiles/cmTC_99328.dir/CheckFunctionExists.c.o   -c /usr/share/cmake-3.5/Modules/CheckFunctionExists.c
Linking C executable cmTC_99328
/usr/bin/cmake -E cmake_link_script CMakeFiles/cmTC_99328.dir/link.txt --verbose=1
/usr/bin/cc   -DCHECK_FUNCTION_EXISTS=pthread_create    CMakeFiles/cmTC_99328.dir/CheckFunctionExists.c.o  -o cmTC_99328 -rdynamic -lpthreads 
/usr/bin/ld: impossibile trovare -lpthreads
collect2: error: ld returned 1 exit status
CMakeFiles/cmTC_99328.dir/build.make:97: set di istruzioni per l'obiettivo "cmTC_99328" non riuscito
make[1]: *** [cmTC_99328] Errore 1
make[1]: uscita dalla directory "/home/cristina/new_ws/build/CMakeFiles/CMakeTmp"
Makefile:126: set di istruzioni per l'obiettivo "cmTC_99328/fast" non riuscito
make: *** [cmTC_99328/fast] Errore 2


